SF:temperature_sensor_simulator\temp_simulator.py
DA:1,1
DA:2,1
DA:3,1
DA:4,1
DA:5,1
DA:6,1
DA:7,1
DA:8,1
DA:10,1
DA:13,1
DA:23,1
DA:24,1
DA:27,1
DA:28,1
DA:29,0
DA:31,0
DA:34,0
DA:35,0
DA:36,1
DA:37,1
DA:38,1
DA:40,1
DA:42,1
DA:47,1
DA:50,1
DA:51,1
DA:52,1
DA:54,1
DA:57,1
DA:58,1
DA:59,1
DA:60,1
DA:61,1
DA:63,1
DA:64,1
DA:65,1
DA:66,1
DA:69,1
DA:71,1
DA:72,1
DA:75,1
DA:76,1
DA:77,1
DA:79,1
DA:82,1
DA:85,1
DA:87,1
DA:90,1
DA:91,1
DA:92,1
DA:93,0
DA:94,0
DA:97,1
DA:111,1
DA:112,0
DA:113,0
DA:114,0
DA:115,0
DA:116,0
DA:117,0
DA:118,0
DA:119,0
DA:120,0
DA:121,0
DA:123,1
DA:124,0
DA:125,0
DA:127,0
DA:128,0
DA:129,0
DA:130,0
DA:131,0
DA:132,0
DA:133,0
DA:134,0
DA:135,0
DA:136,0
DA:138,1
DA:139,0
LF:79
LH:50
FN:40,109,generate_sensor_data
FNDA:1,generate_sensor_data
FN:111,121,wait_for_api
FNDA:0,wait_for_api
FN:123,136,simulate_posting
FNDA:0,simulate_posting
FNF:3
FNH:1
end_of_record
SF:temperature_sensor_simulator\tests\test_temp_simulator.py
DA:1,1
DA:2,1
DA:3,1
DA:4,1
DA:5,1
DA:7,1
DA:9,1
DA:10,1
DA:11,1
DA:14,1
DA:15,1
DA:18,1
DA:21,1
DA:22,1
DA:23,1
DA:24,1
DA:25,1
DA:28,1
DA:29,1
DA:30,1
DA:32,1
DA:34,1
DA:35,1
DA:36,1
DA:39,1
DA:40,1
DA:43,1
DA:44,1
DA:45,1
DA:46,1
DA:49,1
DA:50,1
DA:53,1
DA:55,1
DA:56,1
DA:57,1
DA:58,1
DA:60,1
DA:61,1
DA:63,1
DA:64,1
DA:67,1
DA:68,1
DA:70,1
DA:71,1
DA:74,1
DA:77,1
DA:80,1
DA:81,1
LF:49
LH:49
FN:7,30,test_generate_sensor_data_first_call
FNDA:1,test_generate_sensor_data_first_call
FN:32,81,test_generate_sensor_data_with_existing_state
FNDA:1,test_generate_sensor_data_with_existing_state
FNF:2
FNH:2
end_of_record
